{
  "stats": {
    "suites": 0,
    "tests": 1,
    "passes": 0,
    "pending": 0,
    "failures": 1,
    "start": "2022-08-31T13:25:07.954Z",
    "end": "2022-08-31T13:26:10.611Z",
    "duration": 62657,
    "testsRegistered": 11,
    "passPercent": 0,
    "pendingPercent": 0,
    "other": 0,
    "hasOther": false,
    "skipped": 10,
    "hasSkipped": true
  },
  "results": [
    {
      "uuid": "09704cb5-98e3-4b32-a2a8-8568cbbe3a31",
      "title": "",
      "fullFile": "cypress/integration/guilds/Guilds.spec.ts",
      "file": "cypress/integration/guilds/Guilds.spec.ts",
      "beforeHooks": [],
      "afterHooks": [],
      "tests": [],
      "suites": [
        {
          "uuid": "c8d13cb5-eccb-490d-8e96-c90d49a480cf",
          "title": "Guilds",
          "fullFile": "",
          "file": "",
          "beforeHooks": [],
          "afterHooks": [],
          "tests": [
            {
              "title": "Should trigger Create Proposal",
              "fullTitle": "Guilds Should trigger Create Proposal",
              "timedOut": null,
              "duration": 62620,
              "state": "failed",
              "speed": null,
              "pass": false,
              "fail": true,
              "pending": true,
              "context": null,
              "code": "",
              "err": {
                "message": "CypressError: Cypress command timeout of `30000ms` exceeded.\n\nBecause this error occurred during a `before all` hook we are skipping all of the remaining tests.",
                "estack": "CypressError: Cypress command timeout of `30000ms` exceeded.\n\nBecause this error occurred during a `before all` hook we are skipping all of the remaining tests.\n    at cypressErr (http://localhost:3000/__cypress/runner/cypress_runner.js:176361:18)\n    at Object.errByPath (http://localhost:3000/__cypress/runner/cypress_runner.js:176430:10)\n    at http://localhost:3000/__cypress/runner/cypress_runner.js:178196:80",
                "diff": null
              },
              "uuid": "25a623f4-de13-4afb-b533-58acaee63b88",
              "parentUUID": null,
              "isHook": false,
              "skipped": false
            }
          ],
          "suites": [
            {
              "uuid": "75b72b65-d105-457c-81ab-d2b0048b3659",
              "title": "Landing page",
              "fullFile": "",
              "file": "",
              "beforeHooks": [],
              "afterHooks": [],
              "tests": [
                {
                  "title": "Should show deployed guilds in LandingPage",
                  "fullTitle": "Guilds Landing page Should show deployed guilds in LandingPage",
                  "timedOut": null,
                  "duration": 0,
                  "state": "skipped",
                  "speed": null,
                  "pass": false,
                  "fail": false,
                  "pending": false,
                  "context": null,
                  "code": "_support_pageObjects_Guilds__WEBPACK_IMPORTED_MODULE_0__[\"default\"].goToGuildsPage();\ncy.findAllByTestId(_support_pageObjects_Guilds__WEBPACK_IMPORTED_MODULE_0__[\"default\"].guildCardId).should('have.length', _support_pageObjects_Guilds__WEBPACK_IMPORTED_MODULE_0__[\"default\"].deployedGuilds.length);\nObject.values(_utils__WEBPACK_IMPORTED_MODULE_1__[\"DEPLOYED_GUILDS_NAMES\"]).forEach(function (name) {\n    cy.contains(name).should('be.visible');\n});",
                  "err": {},
                  "uuid": "73636e68-9fda-4ecd-bfaa-281a6a9a64a0",
                  "parentUUID": null,
                  "isHook": false,
                  "skipped": true
                },
                {
                  "title": "Should redirect to DXDGuild page",
                  "fullTitle": "Guilds Landing page Should redirect to DXDGuild page",
                  "timedOut": null,
                  "duration": 0,
                  "state": "skipped",
                  "speed": null,
                  "pass": false,
                  "fail": false,
                  "pending": false,
                  "context": null,
                  "code": "_support_pageObjects_Guilds__WEBPACK_IMPORTED_MODULE_0__[\"default\"].goToGuildsPage();\n_support_pageObjects_Guilds__WEBPACK_IMPORTED_MODULE_0__[\"default\"].clickOnGuildCard(name);",
                  "err": {},
                  "uuid": "33c13e74-73ad-40b0-a42c-f52aab428216",
                  "parentUUID": null,
                  "isHook": false,
                  "skipped": true
                },
                {
                  "title": "Should redirect to REPGuild page",
                  "fullTitle": "Guilds Landing page Should redirect to REPGuild page",
                  "timedOut": null,
                  "duration": 0,
                  "state": "skipped",
                  "speed": null,
                  "pass": false,
                  "fail": false,
                  "pending": false,
                  "context": null,
                  "code": "_support_pageObjects_Guilds__WEBPACK_IMPORTED_MODULE_0__[\"default\"].goToGuildsPage();\n_support_pageObjects_Guilds__WEBPACK_IMPORTED_MODULE_0__[\"default\"].clickOnGuildCard(name);",
                  "err": {},
                  "uuid": "1e9cf7b9-4892-4bc7-a240-fc4d299feb3e",
                  "parentUUID": null,
                  "isHook": false,
                  "skipped": true
                },
                {
                  "title": "Should redirect to SWPRGuild page",
                  "fullTitle": "Guilds Landing page Should redirect to SWPRGuild page",
                  "timedOut": null,
                  "duration": 0,
                  "state": "skipped",
                  "speed": null,
                  "pass": false,
                  "fail": false,
                  "pending": false,
                  "context": null,
                  "code": "_support_pageObjects_Guilds__WEBPACK_IMPORTED_MODULE_0__[\"default\"].goToGuildsPage();\n_support_pageObjects_Guilds__WEBPACK_IMPORTED_MODULE_0__[\"default\"].clickOnGuildCard(name);",
                  "err": {},
                  "uuid": "22b17751-fe76-4f1b-8745-bbd25adc289d",
                  "parentUUID": null,
                  "isHook": false,
                  "skipped": true
                }
              ],
              "suites": [],
              "passes": [],
              "failures": [],
              "pending": [],
              "skipped": [
                "73636e68-9fda-4ecd-bfaa-281a6a9a64a0",
                "33c13e74-73ad-40b0-a42c-f52aab428216",
                "1e9cf7b9-4892-4bc7-a240-fc4d299feb3e",
                "22b17751-fe76-4f1b-8745-bbd25adc289d"
              ],
              "duration": 0,
              "root": false,
              "rootEmpty": false,
              "_timeout": 2000
            },
            {
              "uuid": "64af8003-e465-4192-84d8-5ec2267a237e",
              "title": "Guild page",
              "fullFile": "",
              "file": "",
              "beforeHooks": [],
              "afterHooks": [],
              "tests": [
                {
                  "title": "Should render proper components on Guild page",
                  "fullTitle": "Guilds Guild page Should render proper components on Guild page",
                  "timedOut": null,
                  "duration": 0,
                  "state": "skipped",
                  "speed": null,
                  "pass": false,
                  "fail": false,
                  "pending": false,
                  "context": null,
                  "code": "_support_pageObjects_Guilds__WEBPACK_IMPORTED_MODULE_0__[\"default\"].goToGuildsPage(_support_pageObjects_Guilds__WEBPACK_IMPORTED_MODULE_0__[\"default\"].deployedGuilds[0]);\n_support_pageObjects_Guilds__WEBPACK_IMPORTED_MODULE_0__[\"default\"].shouldRenderProposalsList();\n_support_pageObjects_Guilds__WEBPACK_IMPORTED_MODULE_0__[\"default\"].shouldRenderSidebar();",
                  "err": {},
                  "uuid": "b5eea8a7-f6a0-48b0-a40e-17f32843c8f6",
                  "parentUUID": null,
                  "isHook": false,
                  "skipped": true
                }
              ],
              "suites": [],
              "passes": [],
              "failures": [],
              "pending": [],
              "skipped": [
                "b5eea8a7-f6a0-48b0-a40e-17f32843c8f6"
              ],
              "duration": 0,
              "root": false,
              "rootEmpty": false,
              "_timeout": 2000
            },
            {
              "uuid": "cb463c98-043e-4fca-aba4-8e7c8369b9c3",
              "title": "Lock tokens",
              "fullFile": "",
              "file": "",
              "beforeHooks": [],
              "afterHooks": [],
              "tests": [
                {
                  "title": "Should be able to connect with metamask account",
                  "fullTitle": "Guilds Lock tokens Should be able to connect with metamask account",
                  "timedOut": null,
                  "duration": 0,
                  "state": "skipped",
                  "speed": null,
                  "pass": false,
                  "fail": false,
                  "pending": false,
                  "context": null,
                  "code": "_support_pageObjects_Guilds__WEBPACK_IMPORTED_MODULE_0__[\"default\"].goToGuildsPage();\n_support_pageObjects_Guilds__WEBPACK_IMPORTED_MODULE_0__[\"default\"].clickOnGuildCard(_utils__WEBPACK_IMPORTED_MODULE_1__[\"DEPLOYED_GUILDS_NAMES\"].DXDGuild);\n_support_pageObjects_Guilds__WEBPACK_IMPORTED_MODULE_0__[\"default\"].connectToMetamask(testAcccount.name);",
                  "err": {},
                  "uuid": "3ed235fe-5626-4daf-9813-dc4b0d10a66e",
                  "parentUUID": null,
                  "isHook": false,
                  "skipped": true
                },
                {
                  "title": "Should open lock modal",
                  "fullTitle": "Guilds Lock tokens Should open lock modal",
                  "timedOut": null,
                  "duration": 0,
                  "state": "skipped",
                  "speed": null,
                  "pass": false,
                  "fail": false,
                  "pending": false,
                  "context": null,
                  "code": "cy.findByTestId(_support_pageObjects_Guilds__WEBPACK_IMPORTED_MODULE_0__[\"default\"].openStakeTokensModalBtn)\n    .should('be.visible')\n    .click();\ncy.findByTestId(_support_pageObjects_Guilds__WEBPACK_IMPORTED_MODULE_0__[\"default\"].stakeTokensModal).should('be.visible');\ncy.findByText('Stake DXDao on localhost tokens').should('be.visible');",
                  "err": {},
                  "uuid": "a68db819-f555-497b-96d5-50fb357935ee",
                  "parentUUID": null,
                  "isHook": false,
                  "skipped": true
                },
                {
                  "title": "Should set max amount, approve spending and close modal",
                  "fullTitle": "Guilds Lock tokens Should set max amount, approve spending and close modal",
                  "timedOut": null,
                  "duration": 0,
                  "state": "skipped",
                  "speed": null,
                  "pass": false,
                  "fail": false,
                  "pending": false,
                  "context": null,
                  "code": "cy.wait(2000);\ncy.findByTestId(_support_pageObjects_Guilds__WEBPACK_IMPORTED_MODULE_0__[\"default\"].stakeAmountMaxButton)\n    .should('be.visible')\n    .click({ force: true });\ncy.findByTestId(_support_pageObjects_Guilds__WEBPACK_IMPORTED_MODULE_0__[\"default\"].stakeModalAmountInput).should('have.value', '50.0');\ncy.findByTestId(_support_pageObjects_Guilds__WEBPACK_IMPORTED_MODULE_0__[\"default\"].approveTokenSpendingButton)\n    .should('be.visible')\n    .click();\ncy.confirmMetamaskPermissionToSpend();\ncy.wait(2000);\ncy.contains('Transaction Submitted').should('be.visible');\nObject(_utils__WEBPACK_IMPORTED_MODULE_1__[\"clickAnywhereToClose\"])();\nObject(_utils__WEBPACK_IMPORTED_MODULE_1__[\"clickAnywhereToClose\"])();\ncy.wait(20000); // wait for transaction",
                  "err": {},
                  "uuid": "5e7b2770-c2fa-4a3e-8301-b1ad30ade2e9",
                  "parentUUID": null,
                  "isHook": false,
                  "skipped": true
                },
                {
                  "title": "Should open lock modal and lock tokens",
                  "fullTitle": "Guilds Lock tokens Should open lock modal and lock tokens",
                  "timedOut": null,
                  "duration": 0,
                  "state": "skipped",
                  "speed": null,
                  "pass": false,
                  "fail": false,
                  "pending": false,
                  "context": null,
                  "code": "cy.findByTestId(_support_pageObjects_Guilds__WEBPACK_IMPORTED_MODULE_0__[\"default\"].openStakeTokensModalBtn).click({ force: true });\ncy.wait(2000);\ncy.findByTestId(_support_pageObjects_Guilds__WEBPACK_IMPORTED_MODULE_0__[\"default\"].stakeAmountMaxButton).click({ force: true });\ncy.findByTestId(_support_pageObjects_Guilds__WEBPACK_IMPORTED_MODULE_0__[\"default\"].stakeModalAmountInput).should('have.value', '50.0');\ncy.findByTestId(_support_pageObjects_Guilds__WEBPACK_IMPORTED_MODULE_0__[\"default\"].lockTokenSpendingButton).click({ force: true });\ncy.confirmMetamaskPermissionToSpend();\ncy.wait(100);\ncy.contains('Transaction Submitted').should('be.visible');\nObject(_utils__WEBPACK_IMPORTED_MODULE_1__[\"clickAnywhereToClose\"])();\nObject(_utils__WEBPACK_IMPORTED_MODULE_1__[\"clickAnywhereToClose\"])();\ncy.wait(15000); // wait for transaction",
                  "err": {},
                  "uuid": "2a07b059-d28c-411c-a668-b525fac42a04",
                  "parentUUID": null,
                  "isHook": false,
                  "skipped": true
                },
                {
                  "title": "Should show member actions dropdown after locking tokens",
                  "fullTitle": "Guilds Lock tokens Should show member actions dropdown after locking tokens",
                  "timedOut": null,
                  "duration": 0,
                  "state": "skipped",
                  "speed": null,
                  "pass": false,
                  "fail": false,
                  "pending": false,
                  "context": null,
                  "code": "_support_pageObjects_Guilds__WEBPACK_IMPORTED_MODULE_0__[\"default\"].goToGuildsPage();\n_support_pageObjects_Guilds__WEBPACK_IMPORTED_MODULE_0__[\"default\"].clickOnGuildCard(_utils__WEBPACK_IMPORTED_MODULE_1__[\"DEPLOYED_GUILDS_NAMES\"].DXDGuild);\ncy.findByTestId('member-actions-button').should('be.visible');",
                  "err": {},
                  "uuid": "f0c16342-7463-4949-b4cb-fdadda028aca",
                  "parentUUID": null,
                  "isHook": false,
                  "skipped": true
                }
              ],
              "suites": [],
              "passes": [],
              "failures": [],
              "pending": [],
              "skipped": [
                "3ed235fe-5626-4daf-9813-dc4b0d10a66e",
                "a68db819-f555-497b-96d5-50fb357935ee",
                "5e7b2770-c2fa-4a3e-8301-b1ad30ade2e9",
                "2a07b059-d28c-411c-a668-b525fac42a04",
                "f0c16342-7463-4949-b4cb-fdadda028aca"
              ],
              "duration": 0,
              "root": false,
              "rootEmpty": false,
              "_timeout": 2000
            }
          ],
          "passes": [],
          "failures": [
            "25a623f4-de13-4afb-b533-58acaee63b88"
          ],
          "pending": [
            "25a623f4-de13-4afb-b533-58acaee63b88"
          ],
          "skipped": [],
          "duration": 62620,
          "root": false,
          "rootEmpty": false,
          "_timeout": 2000
        }
      ],
      "passes": [],
      "failures": [],
      "pending": [],
      "skipped": [],
      "duration": 0,
      "root": true,
      "rootEmpty": true,
      "_timeout": 2000
    }
  ],
  "meta": {
    "mocha": {
      "version": "7.0.1"
    },
    "mochawesome": {
      "options": {
        "quiet": false,
        "reportFilename": "mochawesome",
        "saveHtml": false,
        "saveJson": true,
        "consoleReporter": "spec",
        "useInlineDiffs": false,
        "code": true
      },
      "version": "7.1.3"
    },
    "marge": {
      "options": {
        "overwrite": false,
        " html": false,
        " json": true
      },
      "version": "6.2.0"
    }
  }
}